Using pre-set license
Built from '2020.3/staging' branch; Version is '2020.3.3f1 (76626098c1c4) revision 7758432'; Using compiler version '192528614'; Build Type 'Release'
OS: 'Windows 10 Enterprise; OS build 18363.1916; Version 1909; 64bit' Language: 'pt' Physical Memory: 8084 MB
BatchMode: 1, IsHumanControllingUs: 0, StartBugReporterOnCrash: 0, Is64bit: 1, IsPro: 0

 COMMAND LINE ARGUMENTS:
C:\Program Files\Unity\Hub\Editor\2020.3.3f1\Editor\Unity.exe
-adb2
-batchMode
-noUpm
-name
AssetImportWorker0
-projectPath
C:/Users/oem/Documents/GitHub/LAB5_RPG
-logFile
Logs/AssetImportWorker0.log
-srvPort
54279
Successfully changed project path to: C:/Users/oem/Documents/GitHub/LAB5_RPG
C:/Users/oem/Documents/GitHub/LAB5_RPG
Using Asset Import Pipeline V2.
Refreshing native plugins compatible for Editor in 68.20 ms, found 3 plugins.
Preloading 0 native plugins for Editor in 0.00 ms.
Initialize engine version: 2020.3.3f1 (76626098c1c4)
[Subsystems] Discovering subsystems at path C:/Program Files/Unity/Hub/Editor/2020.3.3f1/Editor/Data/Resources/UnitySubsystems
[Subsystems] Discovering subsystems at path C:/Users/oem/Documents/GitHub/LAB5_RPG/Assets
GfxDevice: creating device client; threaded=0
Direct3D:
    Version:  Direct3D 11.0 [level 11.1]
    Renderer: AMD Radeon(TM) RX 560 Series (ID=0x67ef)
    Vendor:   
    VRAM:     4075 MB
    Driver:   27.20.22025.1006
Initialize mono
Mono path[0] = 'C:/Program Files/Unity/Hub/Editor/2020.3.3f1/Editor/Data/Managed'
Mono path[1] = 'C:/Program Files/Unity/Hub/Editor/2020.3.3f1/Editor/Data/MonoBleedingEdge/lib/mono/unityjit'
Mono config path = 'C:/Program Files/Unity/Hub/Editor/2020.3.3f1/Editor/Data/MonoBleedingEdge/etc'
Using monoOptions --debugger-agent=transport=dt_socket,embedding=1,server=y,suspend=n,address=127.0.0.1:56300
Begin MonoManager ReloadAssembly
Registering precompiled unity dll's ...
Register platform support module: C:/Program Files/Unity/Hub/Editor/2020.3.3f1/Editor/Data/PlaybackEngines/WindowsStandaloneSupport/UnityEditor.WindowsStandalone.Extensions.dll
Registered in 0.004188 seconds.
Native extension for WindowsStandalone target not found
Refreshing native plugins compatible for Editor in 59.66 ms, found 3 plugins.
Preloading 0 native plugins for Editor in 0.00 ms.
Invoked RoslynAnalysisRunner static constructor.
RoslynAnalysisRunner will not be running.
RoslynAnalysisRunner has terminated.
Mono: successfully reloaded assembly
- Completed reload, in  1.875 seconds
Platform modules already initialized, skipping
Registering precompiled user dll's ...
Registered in 0.006901 seconds.
Begin MonoManager ReloadAssembly
Native extension for WindowsStandalone target not found
Refreshing native plugins compatible for Editor in 53.22 ms, found 3 plugins.
Preloading 0 native plugins for Editor in 0.00 ms.
Invoked RoslynAnalysisRunner static constructor.
RoslynAnalysisRunner will not be running.
RoslynAnalysisRunner has terminated.
Mono: successfully reloaded assembly
- Completed reload, in  1.589 seconds
Platform modules already initialized, skipping
========================================================================
Worker process is ready to serve import requests
Launched and connected shader compiler UnityShaderCompiler.exe after 0.07 seconds
Refreshing native plugins compatible for Editor in 0.54 ms, found 3 plugins.
Preloading 0 native plugins for Editor in 0.00 ms.
Unloading 2259 Unused Serialized files (Serialized files now loaded: 0)
System memory in use before: 98.3 MB.
System memory in use after: 98.4 MB.

Unloading 27 unused Assets to reduce memory usage. Loaded Objects now: 2698.
Total: 3.618000 ms (FindLiveObjects: 0.265200 ms CreateObjectMapping: 0.155500 ms MarkObjects: 3.091600 ms  DeleteObjects: 0.104500 ms)

========================================================================
Received Import Request.
  path: Assets/Scenes/Lab5_RPGSetup.unity
  artifactKey: Guid(3bc0c6c8f2aae6c458c85a682327dfed) Importer(815301076,1909f56bfc062723c751e8b465ee728b)
Start importing Assets/Scenes/Lab5_RPGSetup.unity using Guid(3bc0c6c8f2aae6c458c85a682327dfed) Importer(815301076,1909f56bfc062723c751e8b465ee728b)  -> (artifact id: '0daf6eed9f634695eb24a5bc54b1554e') in 0.017408 seconds
  Import took 0.021804 seconds .

========================================================================
Received Import Request.
  Time since last request: 0.000359 seconds.
  path: Assets/Scenes
  artifactKey: Guid(e7fbdfec231cb174e9e816f2f60eb9e8) Importer(815301076,1909f56bfc062723c751e8b465ee728b)
Start importing Assets/Scenes using Guid(e7fbdfec231cb174e9e816f2f60eb9e8) Importer(815301076,1909f56bfc062723c751e8b465ee728b)  -> (artifact id: 'b8c94a453e4477b8c6b510f092ea6498') in 0.004268 seconds
  Import took 0.008700 seconds .

========================================================================
Received Import Request.
  Time since last request: 0.000422 seconds.
  path: Assets/Scenes/Lab5_Vitoria.unity
  artifactKey: Guid(c482b49f5e43f7f41b0f06369398eaf1) Importer(815301076,1909f56bfc062723c751e8b465ee728b)
Start importing Assets/Scenes/Lab5_Vitoria.unity using Guid(c482b49f5e43f7f41b0f06369398eaf1) Importer(815301076,1909f56bfc062723c751e8b465ee728b)  -> (artifact id: '6427fdb273261e2e875c8d55791a6a06') in 0.004569 seconds
  Import took 0.009930 seconds .

========================================================================
Received Import Request.
  Time since last request: 0.000478 seconds.
  path: Assets/Scenes/SampleScene.unity
  artifactKey: Guid(2cda990e2423bbf4892e6590ba056729) Importer(815301076,1909f56bfc062723c751e8b465ee728b)
Start importing Assets/Scenes/SampleScene.unity using Guid(2cda990e2423bbf4892e6590ba056729) Importer(815301076,1909f56bfc062723c751e8b465ee728b)  -> (artifact id: 'f0037cd0f7f6f00495df77a101cb467c') in 0.004729 seconds
  Import took 0.009952 seconds .

========================================================================
Received Import Request.
  Time since last request: 0.018440 seconds.
  path: Assets/Scenes/SampleScene.unity
  artifactKey: Guid(2cda990e2423bbf4892e6590ba056729) Importer(815301076,1909f56bfc062723c751e8b465ee728b)
Start importing Assets/Scenes/SampleScene.unity using Guid(2cda990e2423bbf4892e6590ba056729) Importer(815301076,1909f56bfc062723c751e8b465ee728b)  -> (artifact id: 'f0037cd0f7f6f00495df77a101cb467c') in 0.004539 seconds
  Import took 0.009493 seconds .

========================================================================
Received Import Request.
  Time since last request: 0.239911 seconds.
  path: Assets/Scenes/Lab5_GameOver.unity
  artifactKey: Guid(ba211100b160478479ae7170619c4dea) Importer(815301076,1909f56bfc062723c751e8b465ee728b)
Start importing Assets/Scenes/Lab5_GameOver.unity using Guid(ba211100b160478479ae7170619c4dea) Importer(815301076,1909f56bfc062723c751e8b465ee728b)  -> (artifact id: 'ca12e52d6a0128fab9fd0c69faec4751') in 0.005712 seconds
  Import took 0.010509 seconds .

========================================================================
Received Import Request.
  Time since last request: 0.965670 seconds.
  path: Assets/Scenes/Lab5_Creditos.unity
  artifactKey: Guid(e09d5817054090d43b0aa544f884cc83) Importer(815301076,1909f56bfc062723c751e8b465ee728b)
Start importing Assets/Scenes/Lab5_Creditos.unity using Guid(e09d5817054090d43b0aa544f884cc83) Importer(815301076,1909f56bfc062723c751e8b465ee728b)  -> (artifact id: '1dcf6eea8097ab9cd81b4e22b00516bf') in 0.005906 seconds
  Import took 0.011117 seconds .

========================================================================
Received Prepare
Registering precompiled user dll's ...
Registered in 0.006717 seconds.
Begin MonoManager ReloadAssembly
Native extension for WindowsStandalone target not found
Refreshing native plugins compatible for Editor in 0.60 ms, found 3 plugins.
Preloading 0 native plugins for Editor in 0.00 ms.
Invoked RoslynAnalysisRunner static constructor.
RoslynAnalysisRunner will not be running.
RoslynAnalysisRunner has terminated.
Mono: successfully reloaded assembly
- Completed reload, in  1.461 seconds
Platform modules already initialized, skipping
Refreshing native plugins compatible for Editor in 0.57 ms, found 3 plugins.
Preloading 0 native plugins for Editor in 0.00 ms.
Unloading 2247 Unused Serialized files (Serialized files now loaded: 0)
System memory in use before: 97.9 MB.
System memory in use after: 98.0 MB.

Unloading 15 unused Assets to reduce memory usage. Loaded Objects now: 2701.
Total: 3.166800 ms (FindLiveObjects: 0.237000 ms CreateObjectMapping: 0.104100 ms MarkObjects: 2.801700 ms  DeleteObjects: 0.022500 ms)

========================================================================
Received Import Request.
  Time since last request: 59.795925 seconds.
  path: Assets/Prefabs/Coracao.asset
  artifactKey: Guid(05e7f1708e5b1cb4b9bde8b4f695ecb3) Importer(815301076,1909f56bfc062723c751e8b465ee728b)
Start importing Assets/Prefabs/Coracao.asset using Guid(05e7f1708e5b1cb4b9bde8b4f695ecb3) Importer(815301076,1909f56bfc062723c751e8b465ee728b)  -> (artifact id: 'fc334dbc6f931cd91f3b6d0735832e18') in 0.044789 seconds
  Import took 0.049374 seconds .

========================================================================
Received Import Request.
  Time since last request: 0.000312 seconds.
  path: Assets/Prefabs/InimigoO.prefab
  artifactKey: Guid(070dd1953b7a4a24f8e6a632c4c3425a) Importer(815301076,1909f56bfc062723c751e8b465ee728b)
Start importing Assets/Prefabs/InimigoO.prefab using Guid(070dd1953b7a4a24f8e6a632c4c3425a) Importer(815301076,1909f56bfc062723c751e8b465ee728b)  -> (artifact id: '00154f7fcef3e50051659cab587d2c4d') in 0.105376 seconds
  Import took 0.109368 seconds .

========================================================================
Received Import Request.
  Time since last request: 0.000342 seconds.
  path: Assets/Prefabs/Moeda.asset
  artifactKey: Guid(bbe5c15c8f77f284a8c784e27711d6c8) Importer(815301076,1909f56bfc062723c751e8b465ee728b)
Start importing Assets/Prefabs/Moeda.asset using Guid(bbe5c15c8f77f284a8c784e27711d6c8) Importer(815301076,1909f56bfc062723c751e8b465ee728b)  -> (artifact id: '639667e0f93084b66f03bb1cc7386ed3') in 0.006299 seconds
  Import took 0.010699 seconds .

========================================================================
Received Import Request.
  Time since last request: 0.000449 seconds.
  path: Assets/Prefabs/MunicaoO.prefab
  artifactKey: Guid(58926d1734222af4eb64af793cf615b7) Importer(815301076,1909f56bfc062723c751e8b465ee728b)
Start importing Assets/Prefabs/MunicaoO.prefab using Guid(58926d1734222af4eb64af793cf615b7) Importer(815301076,1909f56bfc062723c751e8b465ee728b)  -> (artifact id: '4f1c80f99c90474e93fc6bde588fc1be') in 0.015450 seconds
  Import took 0.019933 seconds .

========================================================================
Received Import Request.
  Time since last request: 0.000378 seconds.
  path: Assets/Prefabs/PlayerO.prefab
  artifactKey: Guid(79d349d93a76d094481dc4b1fe5d5fe5) Importer(815301076,1909f56bfc062723c751e8b465ee728b)
Start importing Assets/Prefabs/PlayerO.prefab using Guid(79d349d93a76d094481dc4b1fe5d5fe5) Importer(815301076,1909f56bfc062723c751e8b465ee728b) Asset 'ControladorPlayer': Transition 'AnyState -> idle' in state 'AnyState' doesn't have an Exit Time or any condition, transition will be ignored
UnityEngine.StackTraceUtility:ExtractStackTrace ()
UnityEditor.EditorUtility:Internal_InstantiateRemoveAllNonAnimationComponentsSingle (UnityEngine.Object,UnityEngine.Vector3,UnityEngine.Quaternion)
UnityEditor.EditorUtility:InstantiateRemoveAllNonAnimationComponents (UnityEngine.Object,UnityEngine.Vector3,UnityEngine.Quaternion)
UnityEditor.EditorUtility:InstantiateForAnimatorPreview (UnityEngine.Object)
UnityEditor.GameObjectInspector/PreviewData:UpdateGameObject (UnityEngine.Object)
UnityEditor.GameObjectInspector/PreviewData:.ctor (UnityEngine.Object)
UnityEditor.GameObjectInspector:GetPreviewData ()
UnityEditor.GameObjectInspector:RenderStaticPreview (string,UnityEngine.Object[],int,int)
UnityEditor.AssetPreviewUpdater:CreatePreviewForAsset (UnityEngine.Object,UnityEngine.Object[],string)

[C:\buildslave\unity\build\Editor/Src/Animation/StateMachine.cpp line 1847]

 -> (artifact id: 'b8a795e39061436d1cea7b00f7594ad5') in 0.048681 seconds
  Import took 0.054302 seconds .

========================================================================
Received Import Request.
  Time since last request: 0.000346 seconds.
  path: Assets/Prefabs/RPGGameManager.prefab
  artifactKey: Guid(0d339d681217bb54a8aa6649ccd0b457) Importer(815301076,1909f56bfc062723c751e8b465ee728b)
Start importing Assets/Prefabs/RPGGameManager.prefab using Guid(0d339d681217bb54a8aa6649ccd0b457) Importer(815301076,1909f56bfc062723c751e8b465ee728b)  -> (artifact id: '8aa7497f94c981b65fc081e9eb451aa9') in 0.006855 seconds
  Import took 0.011305 seconds .

========================================================================
Received Import Request.
  Time since last request: 0.000391 seconds.
  path: Assets/Prefabs/InventarioO.prefab
  artifactKey: Guid(993a5a532679bad4e9ede16e951920b0) Importer(815301076,1909f56bfc062723c751e8b465ee728b)
Start importing Assets/Prefabs/InventarioO.prefab using Guid(993a5a532679bad4e9ede16e951920b0) Importer(815301076,1909f56bfc062723c751e8b465ee728b)  -> (artifact id: '71b3da6a948e18af5e2462f959ced85f') in 0.011332 seconds
  Import took 0.016699 seconds .

========================================================================
Received Import Request.
  Time since last request: 0.000438 seconds.
  path: Assets/Prefabs/MoedaO.prefab
  artifactKey: Guid(0b89c6cb30dbe004babc6a50606cf4f0) Importer(815301076,1909f56bfc062723c751e8b465ee728b)
Start importing Assets/Prefabs/MoedaO.prefab using Guid(0b89c6cb30dbe004babc6a50606cf4f0) Importer(815301076,1909f56bfc062723c751e8b465ee728b)  -> (artifact id: '9f9ed4794b6a47a024f9d05dadc163d2') in 0.018392 seconds
  Import took 0.023492 seconds .

========================================================================
Received Import Request.
  Time since last request: 0.000322 seconds.
  path: Assets/Prefabs/PontoSpawn.prefab
  artifactKey: Guid(3d4535ae2767fae4ead8d03ebad16b6b) Importer(815301076,1909f56bfc062723c751e8b465ee728b)
Start importing Assets/Prefabs/PontoSpawn.prefab using Guid(3d4535ae2767fae4ead8d03ebad16b6b) Importer(815301076,1909f56bfc062723c751e8b465ee728b)  -> (artifact id: '5bc77cf220be6d86335920d3a023f821') in 0.006977 seconds
  Import took 0.012987 seconds .

========================================================================
Received Import Request.
  Time since last request: 0.000350 seconds.
  path: Assets/Prefabs/CoracaoO.prefab
  artifactKey: Guid(ea9e087d57b9c434daab495813049d08) Importer(815301076,1909f56bfc062723c751e8b465ee728b)
Start importing Assets/Prefabs/CoracaoO.prefab using Guid(ea9e087d57b9c434daab495813049d08) Importer(815301076,1909f56bfc062723c751e8b465ee728b)  -> (artifact id: '9515473e21f3ae1d5f81217f15089265') in 0.018158 seconds
  Import took 0.024813 seconds .

========================================================================
Received Import Request.
  Time since last request: 0.000365 seconds.
  path: Assets/Prefabs/HealthbarO.prefab
  artifactKey: Guid(2986e6b3f523c8843be1ea550a1779d0) Importer(815301076,1909f56bfc062723c751e8b465ee728b)
Start importing Assets/Prefabs/HealthbarO.prefab using Guid(2986e6b3f523c8843be1ea550a1779d0) Importer(815301076,1909f56bfc062723c751e8b465ee728b)  -> (artifact id: 'df1c10cc4d0236cd6d2b8a1754ac8255') in 0.017788 seconds
  Import took 0.025589 seconds .

========================================================================
Received Import Request.
  Time since last request: 0.000745 seconds.
  path: Assets/Prefabs/Slot.prefab
  artifactKey: Guid(bd82f1873d09b3b469a9e0dcbc98bc8f) Importer(815301076,1909f56bfc062723c751e8b465ee728b)
Start importing Assets/Prefabs/Slot.prefab using Guid(bd82f1873d09b3b469a9e0dcbc98bc8f) Importer(815301076,1909f56bfc062723c751e8b465ee728b)  -> (artifact id: '641133f0d8601e962f63dcb1d06de3e1') in 0.009779 seconds
  Import took 0.016770 seconds .

========================================================================
Received Prepare
Registering precompiled user dll's ...
Registered in 0.006684 seconds.
Begin MonoManager ReloadAssembly
Native extension for WindowsStandalone target not found
Refreshing native plugins compatible for Editor in 0.57 ms, found 3 plugins.
Preloading 0 native plugins for Editor in 0.00 ms.
Invoked RoslynAnalysisRunner static constructor.
RoslynAnalysisRunner will not be running.
RoslynAnalysisRunner has terminated.
Mono: successfully reloaded assembly
- Completed reload, in  1.438 seconds
Platform modules already initialized, skipping
Refreshing native plugins compatible for Editor in 0.54 ms, found 3 plugins.
Preloading 0 native plugins for Editor in 0.00 ms.
Unloading 2247 Unused Serialized files (Serialized files now loaded: 0)
System memory in use before: 101.1 MB.
System memory in use after: 101.2 MB.

Unloading 15 unused Assets to reduce memory usage. Loaded Objects now: 2711.
Total: 3.120500 ms (FindLiveObjects: 0.298400 ms CreateObjectMapping: 0.190400 ms MarkObjects: 2.608200 ms  DeleteObjects: 0.022400 ms)

========================================================================
Received Import Request.
  Time since last request: 5.371667 seconds.
  path: Assets/Prefabs/InimigoO 1.prefab
  artifactKey: Guid(673c2988bf616654b9dafeb3826f2cde) Importer(815301076,1909f56bfc062723c751e8b465ee728b)
Start importing Assets/Prefabs/InimigoO 1.prefab using Guid(673c2988bf616654b9dafeb3826f2cde) Importer(815301076,1909f56bfc062723c751e8b465ee728b)  -> (artifact id: '83bfaf8127f8c6a9a0a1c19f7ac970df') in 0.073120 seconds
  Import took 0.078316 seconds .

========================================================================
Received Import Request.
  Time since last request: 14.814288 seconds.
  path: Assets/Prefabs/InimigoForteO.prefab
  artifactKey: Guid(673c2988bf616654b9dafeb3826f2cde) Importer(815301076,1909f56bfc062723c751e8b465ee728b)
Start importing Assets/Prefabs/InimigoForteO.prefab using Guid(673c2988bf616654b9dafeb3826f2cde) Importer(815301076,1909f56bfc062723c751e8b465ee728b)  -> (artifact id: '4579d4f2e6d4bce2f1204795fe06e3ad') in 0.017306 seconds
  Import took 0.022701 seconds .

========================================================================
Received Import Request.
  Time since last request: 21.983294 seconds.
  path: Assets/Prefabs/InimigoForteO.prefab
  artifactKey: Guid(673c2988bf616654b9dafeb3826f2cde) Importer(815301076,1909f56bfc062723c751e8b465ee728b)
Start importing Assets/Prefabs/InimigoForteO.prefab using Guid(673c2988bf616654b9dafeb3826f2cde) Importer(815301076,1909f56bfc062723c751e8b465ee728b)  -> (artifact id: 'c19223d64a344bb488d8f1f9701c2b25') in 0.015933 seconds
  Import took 0.021349 seconds .

========================================================================
Received Import Request.
  Time since last request: 8.543987 seconds.
  path: Assets/Prefabs/InimigoForteO.prefab
  artifactKey: Guid(673c2988bf616654b9dafeb3826f2cde) Importer(815301076,1909f56bfc062723c751e8b465ee728b)
Start importing Assets/Prefabs/InimigoForteO.prefab using Guid(673c2988bf616654b9dafeb3826f2cde) Importer(815301076,1909f56bfc062723c751e8b465ee728b)  -> (artifact id: '70126267f8825b90b96cec7d6b2ad336') in 0.014265 seconds
  Import took 0.018999 seconds .

========================================================================
Received Import Request.
  Time since last request: 5.060249 seconds.
  path: Assets/Prefabs/InimigoForteO.prefab
  artifactKey: Guid(673c2988bf616654b9dafeb3826f2cde) Importer(815301076,1909f56bfc062723c751e8b465ee728b)
Start importing Assets/Prefabs/InimigoForteO.prefab using Guid(673c2988bf616654b9dafeb3826f2cde) Importer(815301076,1909f56bfc062723c751e8b465ee728b)  -> (artifact id: 'ec81034725a2eff9b2920a005c46bf67') in 0.015682 seconds
  Import took 0.021430 seconds .

========================================================================
Received Import Request.
  Time since last request: 4.474448 seconds.
  path: Assets/Prefabs/InimigoForteO.prefab
  artifactKey: Guid(673c2988bf616654b9dafeb3826f2cde) Importer(815301076,1909f56bfc062723c751e8b465ee728b)
Start importing Assets/Prefabs/InimigoForteO.prefab using Guid(673c2988bf616654b9dafeb3826f2cde) Importer(815301076,1909f56bfc062723c751e8b465ee728b)  -> (artifact id: '144a0398f01354a385406b4cdc00c5a6') in 0.015543 seconds
  Import took 0.021606 seconds .

========================================================================
Received Import Request.
  Time since last request: 7250.609012 seconds.
  path: Assets/Sprites/Inimigos
  artifactKey: Guid(dc63793563aa6ea439718720c81b25ae) Importer(815301076,1909f56bfc062723c751e8b465ee728b)
Start importing Assets/Sprites/Inimigos using Guid(dc63793563aa6ea439718720c81b25ae) Importer(815301076,1909f56bfc062723c751e8b465ee728b)  -> (artifact id: '72d4926d33eb3d080aac317189015818') in 0.006000 seconds
  Import took 0.018502 seconds .

========================================================================
Received Import Request.
  Time since last request: 0.043653 seconds.
  path: Assets/Sprites/Inimigos/EnemyIdle_1.png
  artifactKey: Guid(f14d92a36baeb0f4f9c076a7128c2c1c) Importer(815301076,1909f56bfc062723c751e8b465ee728b)
Start importing Assets/Sprites/Inimigos/EnemyIdle_1.png using Guid(f14d92a36baeb0f4f9c076a7128c2c1c) Importer(815301076,1909f56bfc062723c751e8b465ee728b)  -> (artifact id: 'f430e4e6242e0d3948fbcb6b0a097690') in 0.117886 seconds
  Import took 0.122691 seconds .

========================================================================
Received Import Request.
  Time since last request: 0.000292 seconds.
  path: Assets/Sprites/Inimigos/EnemyWalk_1.png
  artifactKey: Guid(3ba057719fd86644eb8d821412fe4efc) Importer(815301076,1909f56bfc062723c751e8b465ee728b)
Start importing Assets/Sprites/Inimigos/EnemyWalk_1.png using Guid(3ba057719fd86644eb8d821412fe4efc) Importer(815301076,1909f56bfc062723c751e8b465ee728b)  -> (artifact id: 'c21cae9a109fd704acb7fe175dde98a8') in 0.020236 seconds
  Import took 0.024567 seconds .

========================================================================
Received Import Request.
  Time since last request: 15.581460 seconds.
  path: Assets/Sprites/Inimigos/InimigoAndando.png
  artifactKey: Guid(fd29788a0d45733439e325ed755bb56d) Importer(815301076,1909f56bfc062723c751e8b465ee728b)
Start importing Assets/Sprites/Inimigos/InimigoAndando.png using Guid(fd29788a0d45733439e325ed755bb56d) Importer(815301076,1909f56bfc062723c751e8b465ee728b)  -> (artifact id: 'fcc9a3522122d7a7fdcac7f4609424d9') in 0.016797 seconds
  Import took 0.021896 seconds .

========================================================================
Received Import Request.
  Time since last request: 0.000375 seconds.
  path: Assets/Sprites/Inimigos/InimigoIdle.png
  artifactKey: Guid(36ae739008513344e8f617265f9b7fc8) Importer(815301076,1909f56bfc062723c751e8b465ee728b)
Start importing Assets/Sprites/Inimigos/InimigoIdle.png using Guid(36ae739008513344e8f617265f9b7fc8) Importer(815301076,1909f56bfc062723c751e8b465ee728b)  -> (artifact id: '00e2355ac62f83a1f254cfe8d4d35d51') in 0.012883 seconds
  Import took 0.017305 seconds .

========================================================================
Received Import Request.
  Time since last request: 16.183667 seconds.
  path: Assets/Sprites/Inimigos/InimigoIdle.png
  artifactKey: Guid(36ae739008513344e8f617265f9b7fc8) Importer(815301076,1909f56bfc062723c751e8b465ee728b)
Start importing Assets/Sprites/Inimigos/InimigoIdle.png using Guid(36ae739008513344e8f617265f9b7fc8) Importer(815301076,1909f56bfc062723c751e8b465ee728b)  -> (artifact id: 'cd202a04eb6f157bd7af5c5029f3a63c') in 0.009822 seconds
  Import took 0.016047 seconds .

========================================================================
Received Import Request.
  Time since last request: 1081.019076 seconds.
  path: Assets/Sprites/Inimigos/InimigoAndando_2.png
  artifactKey: Guid(3d4e9d20f01e7ce409da2b75f8f11ae8) Importer(815301076,1909f56bfc062723c751e8b465ee728b)
Start importing Assets/Sprites/Inimigos/InimigoAndando_2.png using Guid(3d4e9d20f01e7ce409da2b75f8f11ae8) Importer(815301076,1909f56bfc062723c751e8b465ee728b)  -> (artifact id: 'd55aa17a2f341c70e8ba3a053b65071f') in 0.018012 seconds
  Import took 0.025050 seconds .

========================================================================
Received Import Request.
  Time since last request: 0.000357 seconds.
  path: Assets/Sprites/Inimigos/InimigoIdle_2.png
  artifactKey: Guid(86e82d74930ebed46acf92f934a31120) Importer(815301076,1909f56bfc062723c751e8b465ee728b)
Start importing Assets/Sprites/Inimigos/InimigoIdle_2.png using Guid(86e82d74930ebed46acf92f934a31120) Importer(815301076,1909f56bfc062723c751e8b465ee728b)  -> (artifact id: '31c2284c4eaf357601f00267705d40c8') in 0.014590 seconds
  Import took 0.020228 seconds .

========================================================================
Received Import Request.
  Time since last request: 0.004073 seconds.
  path: Assets/Sprites/Inimigos/InimigoIdle_2.png
  artifactKey: Guid(86e82d74930ebed46acf92f934a31120) Importer(815301076,1909f56bfc062723c751e8b465ee728b)
Start importing Assets/Sprites/Inimigos/InimigoIdle_2.png using Guid(86e82d74930ebed46acf92f934a31120) Importer(815301076,1909f56bfc062723c751e8b465ee728b)  -> (artifact id: '31c2284c4eaf357601f00267705d40c8') in 0.013901 seconds
  Import took 0.020603 seconds .

========================================================================
Received Import Request.
  Time since last request: 11.721243 seconds.
  path: Assets/Sprites/Inimigos/InimigoIdle_2.png
  artifactKey: Guid(86e82d74930ebed46acf92f934a31120) Importer(815301076,1909f56bfc062723c751e8b465ee728b)
Start importing Assets/Sprites/Inimigos/InimigoIdle_2.png using Guid(86e82d74930ebed46acf92f934a31120) Importer(815301076,1909f56bfc062723c751e8b465ee728b)  -> (artifact id: 'ddcfcb17314acd5cdba37d5090d863be') in 0.010299 seconds
  Import took 0.016794 seconds .

========================================================================
Received Import Request.
  Time since last request: 24.125581 seconds.
  path: Assets/Sprites/Inimigos/InimigoIdle_2.png
  artifactKey: Guid(86e82d74930ebed46acf92f934a31120) Importer(815301076,1909f56bfc062723c751e8b465ee728b)
Start importing Assets/Sprites/Inimigos/InimigoIdle_2.png using Guid(86e82d74930ebed46acf92f934a31120) Importer(815301076,1909f56bfc062723c751e8b465ee728b)  -> (artifact id: '9dbf432d726f58045c7c2c152c5ec4f6') in 0.020323 seconds
  Import took 0.026088 seconds .

========================================================================
Received Import Request.
  Time since last request: 161.871932 seconds.
  path: Assets/Sprites/Inimigos/InimigoIdle_2.png
  artifactKey: Guid(86e82d74930ebed46acf92f934a31120) Importer(815301076,1909f56bfc062723c751e8b465ee728b)
Start importing Assets/Sprites/Inimigos/InimigoIdle_2.png using Guid(86e82d74930ebed46acf92f934a31120) Importer(815301076,1909f56bfc062723c751e8b465ee728b)  -> (artifact id: 'a3929d0aa58e6ceaf5904dca837515a0') in 0.013289 seconds
  Import took 0.019026 seconds .

========================================================================
Received Import Request.
  Time since last request: 10.319957 seconds.
  path: Assets/Sprites/Inimigos/InimigoIdle_2.png
  artifactKey: Guid(86e82d74930ebed46acf92f934a31120) Importer(815301076,1909f56bfc062723c751e8b465ee728b)
Start importing Assets/Sprites/Inimigos/InimigoIdle_2.png using Guid(86e82d74930ebed46acf92f934a31120) Importer(815301076,1909f56bfc062723c751e8b465ee728b)  -> (artifact id: '2c5dd8dc6c2a1b23c1c41da25e6fbacb') in 0.010698 seconds
  Import took 0.016108 seconds .

========================================================================
Received Import Request.
  Time since last request: 0.001868 seconds.
  path: Assets/Sprites/Inimigos/InimigoIdle_2.png
  artifactKey: Guid(86e82d74930ebed46acf92f934a31120) Importer(815301076,1909f56bfc062723c751e8b465ee728b)
Start importing Assets/Sprites/Inimigos/InimigoIdle_2.png using Guid(86e82d74930ebed46acf92f934a31120) Importer(815301076,1909f56bfc062723c751e8b465ee728b)  -> (artifact id: '2c5dd8dc6c2a1b23c1c41da25e6fbacb') in 0.007923 seconds
  Import took 0.013339 seconds .

========================================================================
Received Import Request.
  Time since last request: 10.873152 seconds.
  path: Assets/Sprites/Inimigos/InimigoIdle_2.png
  artifactKey: Guid(86e82d74930ebed46acf92f934a31120) Importer(815301076,1909f56bfc062723c751e8b465ee728b)
Start importing Assets/Sprites/Inimigos/InimigoIdle_2.png using Guid(86e82d74930ebed46acf92f934a31120) Importer(815301076,1909f56bfc062723c751e8b465ee728b)  -> (artifact id: '06f1a293876455cb61dae84fc0da3fd0') in 0.020256 seconds
  Import took 0.026369 seconds .

========================================================================
Received Import Request.
  Time since last request: 52.541489 seconds.
  path: Assets/Sprites/Inimigos/InimigoIdle_2.png
  artifactKey: Guid(86e82d74930ebed46acf92f934a31120) Importer(815301076,1909f56bfc062723c751e8b465ee728b)
Start importing Assets/Sprites/Inimigos/InimigoIdle_2.png using Guid(86e82d74930ebed46acf92f934a31120) Importer(815301076,1909f56bfc062723c751e8b465ee728b)  -> (artifact id: '70287bdcd0fabb7c68abbd325e3434e0') in 0.013771 seconds
  Import took 0.018277 seconds .

========================================================================
Received Import Request.
  Time since last request: 0.001704 seconds.
  path: Assets/Sprites/Inimigos/InimigoIdle_2.png
  artifactKey: Guid(86e82d74930ebed46acf92f934a31120) Importer(815301076,1909f56bfc062723c751e8b465ee728b)
Start importing Assets/Sprites/Inimigos/InimigoIdle_2.png using Guid(86e82d74930ebed46acf92f934a31120) Importer(815301076,1909f56bfc062723c751e8b465ee728b)  -> (artifact id: '70287bdcd0fabb7c68abbd325e3434e0') in 0.012343 seconds
  Import took 0.017677 seconds .

========================================================================
Received Import Request.
  Time since last request: 9.193913 seconds.
  path: Assets/Sprites/Inimigos/InimigoIdle_2.png
  artifactKey: Guid(86e82d74930ebed46acf92f934a31120) Importer(815301076,1909f56bfc062723c751e8b465ee728b)
Start importing Assets/Sprites/Inimigos/InimigoIdle_2.png using Guid(86e82d74930ebed46acf92f934a31120) Importer(815301076,1909f56bfc062723c751e8b465ee728b)  -> (artifact id: '7938125967130a8061606f776db7fc2b') in 0.009884 seconds
  Import took 0.015278 seconds .

========================================================================
Received Import Request.
  Time since last request: 0.001930 seconds.
  path: Assets/Sprites/Inimigos/InimigoIdle_2.png
  artifactKey: Guid(86e82d74930ebed46acf92f934a31120) Importer(815301076,1909f56bfc062723c751e8b465ee728b)
Start importing Assets/Sprites/Inimigos/InimigoIdle_2.png using Guid(86e82d74930ebed46acf92f934a31120) Importer(815301076,1909f56bfc062723c751e8b465ee728b)  -> (artifact id: '7938125967130a8061606f776db7fc2b') in 0.008472 seconds
  Import took 0.013387 seconds .

========================================================================
Received Import Request.
  Time since last request: 7.243867 seconds.
  path: Assets/Sprites/Inimigos/InimigoIdle_2.png
  artifactKey: Guid(86e82d74930ebed46acf92f934a31120) Importer(815301076,1909f56bfc062723c751e8b465ee728b)
Start importing Assets/Sprites/Inimigos/InimigoIdle_2.png using Guid(86e82d74930ebed46acf92f934a31120) Importer(815301076,1909f56bfc062723c751e8b465ee728b)  -> (artifact id: '4d008d2780e66311c3e252f0c7487941') in 0.020933 seconds
  Import took 0.026852 seconds .

========================================================================
Received Import Request.
  Time since last request: 16.353003 seconds.
  path: Assets/Sprites/Inimigos/InimigoAndando_2.png
  artifactKey: Guid(3d4e9d20f01e7ce409da2b75f8f11ae8) Importer(815301076,1909f56bfc062723c751e8b465ee728b)
Start importing Assets/Sprites/Inimigos/InimigoAndando_2.png using Guid(3d4e9d20f01e7ce409da2b75f8f11ae8) Importer(815301076,1909f56bfc062723c751e8b465ee728b)  -> (artifact id: 'aceda7d222f5ee9a5c341d602dc615d0') in 0.012064 seconds
  Import took 0.017153 seconds .

========================================================================
Received Import Request.
  Time since last request: 0.001581 seconds.
  path: Assets/Sprites/Inimigos/InimigoAndando_2.png
  artifactKey: Guid(3d4e9d20f01e7ce409da2b75f8f11ae8) Importer(815301076,1909f56bfc062723c751e8b465ee728b)
Start importing Assets/Sprites/Inimigos/InimigoAndando_2.png using Guid(3d4e9d20f01e7ce409da2b75f8f11ae8) Importer(815301076,1909f56bfc062723c751e8b465ee728b)  -> (artifact id: 'aceda7d222f5ee9a5c341d602dc615d0') in 0.008510 seconds
  Import took 0.013974 seconds .

========================================================================
Received Import Request.
  Time since last request: 10.747796 seconds.
  path: Assets/Sprites/Inimigos/InimigoAndando_2.png
  artifactKey: Guid(3d4e9d20f01e7ce409da2b75f8f11ae8) Importer(815301076,1909f56bfc062723c751e8b465ee728b)
Start importing Assets/Sprites/Inimigos/InimigoAndando_2.png using Guid(3d4e9d20f01e7ce409da2b75f8f11ae8) Importer(815301076,1909f56bfc062723c751e8b465ee728b)  -> (artifact id: '299b917396648ee85f7be4e56ca6379d') in 0.022825 seconds
  Import took 0.028001 seconds .

========================================================================
Received Import Request.
  Time since last request: 28.354662 seconds.
  path: Assets/Sprites/Objetos/Ammo.png
  artifactKey: Guid(d11e4b80df10d1f4bbb6d798ddbd325b) Importer(815301076,1909f56bfc062723c751e8b465ee728b)
Start importing Assets/Sprites/Objetos/Ammo.png using Guid(d11e4b80df10d1f4bbb6d798ddbd325b) Importer(815301076,1909f56bfc062723c751e8b465ee728b)  -> (artifact id: 'c965dadc7a34503c70c47f44f86aaf88') in 0.014042 seconds
  Import took 0.019325 seconds .

========================================================================
Received Import Request.
  Time since last request: 0.011650 seconds.
  path: Assets/Sprites/Objetos/Ammo.png
  artifactKey: Guid(d11e4b80df10d1f4bbb6d798ddbd325b) Importer(815301076,1909f56bfc062723c751e8b465ee728b)
Start importing Assets/Sprites/Objetos/Ammo.png using Guid(d11e4b80df10d1f4bbb6d798ddbd325b) Importer(815301076,1909f56bfc062723c751e8b465ee728b)  -> (artifact id: 'c965dadc7a34503c70c47f44f86aaf88') in 0.009938 seconds
  Import took 0.015103 seconds .

========================================================================
Received Import Request.
  Time since last request: 5.708006 seconds.
  path: Assets/Prefabs/InimigoForteO.prefab
  artifactKey: Guid(673c2988bf616654b9dafeb3826f2cde) Importer(815301076,1909f56bfc062723c751e8b465ee728b)
Start importing Assets/Prefabs/InimigoForteO.prefab using Guid(673c2988bf616654b9dafeb3826f2cde) Importer(815301076,1909f56bfc062723c751e8b465ee728b)  -> (artifact id: 'cfd3d94e1c37c20d95d8cee21f6b667d') in 0.039385 seconds
  Import took 0.046887 seconds .

========================================================================
Received Import Request.
  Time since last request: 61.752630 seconds.
  path: Assets/Animacoes/InimigoForteO.controller
  artifactKey: Guid(f53d02e420b22494595c86f6a53a7166) Importer(815301076,1909f56bfc062723c751e8b465ee728b)
Start importing Assets/Animacoes/InimigoForteO.controller using Guid(f53d02e420b22494595c86f6a53a7166) Importer(815301076,1909f56bfc062723c751e8b465ee728b)  -> (artifact id: 'abdd90d1406f658989483101b9bc1600') in 0.009094 seconds
  Import took 0.013860 seconds .

========================================================================
Received Import Request.
  Time since last request: 13.062271 seconds.
  path: Assets/Animacoes/ControladorInimigoForte.controller
  artifactKey: Guid(f53d02e420b22494595c86f6a53a7166) Importer(815301076,1909f56bfc062723c751e8b465ee728b)
Start importing Assets/Animacoes/ControladorInimigoForte.controller using Guid(f53d02e420b22494595c86f6a53a7166) Importer(815301076,1909f56bfc062723c751e8b465ee728b)  -> (artifact id: '7b7a5950ddfbd60330f38021a7275da2') in 0.004706 seconds
  Import took 0.009713 seconds .

========================================================================
Received Import Request.
  Time since last request: 7.036799 seconds.
  path: Assets/Controladores/ControladorInimigo.controller
  artifactKey: Guid(7c345fa7fc4d2564fa6c34d399abfef6) Importer(815301076,1909f56bfc062723c751e8b465ee728b)
Start importing Assets/Controladores/ControladorInimigo.controller using Guid(7c345fa7fc4d2564fa6c34d399abfef6) Importer(815301076,1909f56bfc062723c751e8b465ee728b)  -> (artifact id: 'bba4c60747c456f817fc5dcdd8b1cc14') in 0.006789 seconds
  Import took 0.011955 seconds .

========================================================================
Received Import Request.
  Time since last request: 49.537776 seconds.
  path: Assets/Prefabs/InimigoForteO.prefab
  artifactKey: Guid(673c2988bf616654b9dafeb3826f2cde) Importer(815301076,1909f56bfc062723c751e8b465ee728b)
Start importing Assets/Prefabs/InimigoForteO.prefab using Guid(673c2988bf616654b9dafeb3826f2cde) Importer(815301076,1909f56bfc062723c751e8b465ee728b)  -> (artifact id: 'cf16e297ec524fc9ca0cddf2866950b9') in 0.012378 seconds
  Import took 0.017388 seconds .

========================================================================
Received Import Request.
  Time since last request: 59.483744 seconds.
  path: Assets/Animacoes/InimigoForteO.controller
  artifactKey: Guid(b5997fbece82b4d4b994eba9894ea90e) Importer(815301076,1909f56bfc062723c751e8b465ee728b)
Start importing Assets/Animacoes/InimigoForteO.controller using Guid(b5997fbece82b4d4b994eba9894ea90e) Importer(815301076,1909f56bfc062723c751e8b465ee728b)  -> (artifact id: 'b5e6ee26217a450f49c168f68f9b0d74') in 0.004672 seconds
  Import took 0.009704 seconds .

========================================================================
Received Import Request.
  Time since last request: 0.000694 seconds.
  path: Assets/Animacoes/InimigoForteO.controller
  artifactKey: Guid(b5997fbece82b4d4b994eba9894ea90e) Importer(815301076,1909f56bfc062723c751e8b465ee728b)
Start importing Assets/Animacoes/InimigoForteO.controller using Guid(b5997fbece82b4d4b994eba9894ea90e) Importer(815301076,1909f56bfc062723c751e8b465ee728b)  -> (artifact id: 'b5e6ee26217a450f49c168f68f9b0d74') in 0.004122 seconds
  Import took 0.008717 seconds .

========================================================================
Received Import Request.
  Time since last request: 48.573259 seconds.
  path: Assets/Animacoes/inimigo-forte-andando.anim
  artifactKey: Guid(9e85262d71b111847b1d2e62463820f8) Importer(815301076,1909f56bfc062723c751e8b465ee728b)
Start importing Assets/Animacoes/inimigo-forte-andando.anim using Guid(9e85262d71b111847b1d2e62463820f8) Importer(815301076,1909f56bfc062723c751e8b465ee728b)  -> (artifact id: 'bd3fe5b9165d11c1e1d5586a69ae1274') in 0.007736 seconds
  Import took 0.012660 seconds .

========================================================================
Received Import Request.
  Time since last request: 0.004407 seconds.
  path: Assets/Animacoes/inimigo-forte-andando.anim
  artifactKey: Guid(9e85262d71b111847b1d2e62463820f8) Importer(815301076,1909f56bfc062723c751e8b465ee728b)
Start importing Assets/Animacoes/inimigo-forte-andando.anim using Guid(9e85262d71b111847b1d2e62463820f8) Importer(815301076,1909f56bfc062723c751e8b465ee728b)  -> (artifact id: 'bd3fe5b9165d11c1e1d5586a69ae1274') in 0.004762 seconds
  Import took 0.009905 seconds .

========================================================================
Received Import Request.
  Time since last request: 49.685602 seconds.
  path: Assets/Animacoes/inimigo-anda.anim
  artifactKey: Guid(539e527ba21e76a44a0956658ffc4904) Importer(815301076,1909f56bfc062723c751e8b465ee728b)
Start importing Assets/Animacoes/inimigo-anda.anim using Guid(539e527ba21e76a44a0956658ffc4904) Importer(815301076,1909f56bfc062723c751e8b465ee728b)  -> (artifact id: 'fe4f63d35cb33e95e1f8ae510a6beb9a') in 0.004818 seconds
  Import took 0.010068 seconds .

========================================================================
Received Import Request.
  Time since last request: 0.014592 seconds.
  path: Assets/Animacoes/inimigo-anda.anim
  artifactKey: Guid(539e527ba21e76a44a0956658ffc4904) Importer(815301076,1909f56bfc062723c751e8b465ee728b)
Start importing Assets/Animacoes/inimigo-anda.anim using Guid(539e527ba21e76a44a0956658ffc4904) Importer(815301076,1909f56bfc062723c751e8b465ee728b)  -> (artifact id: 'fe4f63d35cb33e95e1f8ae510a6beb9a') in 0.004389 seconds
  Import took 0.010093 seconds .

========================================================================
Received Import Request.
  Time since last request: 4.448130 seconds.
  path: Assets/Animacoes/inimigo-forte-idle.anim
  artifactKey: Guid(4e9a893e65d43c4429b667910090ce90) Importer(815301076,1909f56bfc062723c751e8b465ee728b)
Start importing Assets/Animacoes/inimigo-forte-idle.anim using Guid(4e9a893e65d43c4429b667910090ce90) Importer(815301076,1909f56bfc062723c751e8b465ee728b)  -> (artifact id: 'cf36bedab9bac19f79987a20031201aa') in 0.004679 seconds
  Import took 0.009429 seconds .

========================================================================
Received Import Request.
  Time since last request: 0.010950 seconds.
  path: Assets/Animacoes/inimigo-forte-idle.anim
  artifactKey: Guid(4e9a893e65d43c4429b667910090ce90) Importer(815301076,1909f56bfc062723c751e8b465ee728b)
Start importing Assets/Animacoes/inimigo-forte-idle.anim using Guid(4e9a893e65d43c4429b667910090ce90) Importer(815301076,1909f56bfc062723c751e8b465ee728b)  -> (artifact id: 'cf36bedab9bac19f79987a20031201aa') in 0.005564 seconds
  Import took 0.010634 seconds .

========================================================================
Received Import Request.
  Time since last request: 185.541962 seconds.
  path: Assets/Controladores/ControladorInimigoForte.controller
  artifactKey: Guid(f53d02e420b22494595c86f6a53a7166) Importer(815301076,1909f56bfc062723c751e8b465ee728b)
Start importing Assets/Controladores/ControladorInimigoForte.controller using Guid(f53d02e420b22494595c86f6a53a7166) Importer(815301076,1909f56bfc062723c751e8b465ee728b)  -> (artifact id: '6f1ea4610010b5101cf6aecfd476c256') in 0.006840 seconds
  Import took 0.012531 seconds .

========================================================================
Received Prepare
Registering precompiled user dll's ...
Registered in 0.007006 seconds.
Begin MonoManager ReloadAssembly
Native extension for WindowsStandalone target not found
Refreshing native plugins compatible for Editor in 0.56 ms, found 3 plugins.
Preloading 0 native plugins for Editor in 0.00 ms.
Invoked RoslynAnalysisRunner static constructor.
RoslynAnalysisRunner will not be running.
RoslynAnalysisRunner has terminated.
Mono: successfully reloaded assembly
- Completed reload, in  1.503 seconds
Platform modules already initialized, skipping
Refreshing native plugins compatible for Editor in 0.81 ms, found 3 plugins.
Preloading 0 native plugins for Editor in 0.00 ms.
Unloading 2247 Unused Serialized files (Serialized files now loaded: 0)
System memory in use before: 101.3 MB.
System memory in use after: 101.5 MB.

Unloading 15 unused Assets to reduce memory usage. Loaded Objects now: 2728.
Total: 2.990900 ms (FindLiveObjects: 0.339900 ms CreateObjectMapping: 0.229500 ms MarkObjects: 2.379400 ms  DeleteObjects: 0.041000 ms)

========================================================================
Received Prepare
Registering precompiled user dll's ...
Registered in 0.007596 seconds.
Begin MonoManager ReloadAssembly
Native extension for WindowsStandalone target not found
Refreshing native plugins compatible for Editor in 0.55 ms, found 3 plugins.
Preloading 0 native plugins for Editor in 0.00 ms.
Invoked RoslynAnalysisRunner static constructor.
RoslynAnalysisRunner will not be running.
RoslynAnalysisRunner has terminated.
Mono: successfully reloaded assembly
- Completed reload, in  1.756 seconds
Platform modules already initialized, skipping
Refreshing native plugins compatible for Editor in 0.55 ms, found 3 plugins.
Preloading 0 native plugins for Editor in 0.00 ms.
Unloading 2247 Unused Serialized files (Serialized files now loaded: 0)
System memory in use before: 101.3 MB.
System memory in use after: 101.5 MB.

Unloading 15 unused Assets to reduce memory usage. Loaded Objects now: 2731.
Total: 3.325400 ms (FindLiveObjects: 0.253600 ms CreateObjectMapping: 0.116300 ms MarkObjects: 2.927400 ms  DeleteObjects: 0.026500 ms)

========================================================================
Received Import Request.
  Time since last request: 120.292355 seconds.
  path: Assets/Prefabs/InimigoForteO.prefab
  artifactKey: Guid(673c2988bf616654b9dafeb3826f2cde) Importer(815301076,1909f56bfc062723c751e8b465ee728b)
Start importing Assets/Prefabs/InimigoForteO.prefab using Guid(673c2988bf616654b9dafeb3826f2cde) Importer(815301076,1909f56bfc062723c751e8b465ee728b)  -> (artifact id: 'd328f7295ff342b07306ce12f25e68eb') in 0.068116 seconds
  Import took 0.073239 seconds .

========================================================================
Received Prepare
Registering precompiled user dll's ...
Registered in 0.006780 seconds.
Begin MonoManager ReloadAssembly
Native extension for WindowsStandalone target not found
Refreshing native plugins compatible for Editor in 0.77 ms, found 3 plugins.
Preloading 0 native plugins for Editor in 0.00 ms.
Invoked RoslynAnalysisRunner static constructor.
RoslynAnalysisRunner will not be running.
RoslynAnalysisRunner has terminated.
Mono: successfully reloaded assembly
- Completed reload, in  1.284 seconds
Platform modules already initialized, skipping
Refreshing native plugins compatible for Editor in 0.51 ms, found 3 plugins.
Preloading 0 native plugins for Editor in 0.00 ms.
Unloading 2247 Unused Serialized files (Serialized files now loaded: 0)
System memory in use before: 101.2 MB.
System memory in use after: 101.5 MB.

Unloading 15 unused Assets to reduce memory usage. Loaded Objects now: 2735.
Total: 2.975600 ms (FindLiveObjects: 0.273700 ms CreateObjectMapping: 0.111300 ms MarkObjects: 2.560800 ms  DeleteObjects: 0.028700 ms)

AssetImportWorkerClient::OnTransportError - code=2 error=End of file
